21/09/24 12:55:24
INFO: logfile initiated: running SeQuantial

21/09/24 12:55:24
INFO: Namespace(logging_level=None, run_type=True, int_no_synthetic=10, boolean_weightings=False, type_weightings=None, path_weightings_csv=None, alt_base_inclusion=False, include_nonsense=None)

21/09/24 13:22:21
INFO: logfile initiated: running SeQuantial

21/09/24 13:22:21
INFO: Namespace(logging_level=None, run_type=True, int_no_synthetic=10, boolean_weightings=False, type_weightings=None, path_weightings_csv=None, alt_base_inclusion=False, include_nonsense=None)

21/09/24 13:22:33
INFO: logfile initiated: running SeQuantial

21/09/24 13:22:33
INFO: Namespace(logging_level=None, run_type=True, int_no_synthetic=10, boolean_weightings=False, type_weightings=None, path_weightings_csv=None, alt_base_inclusion=False, include_nonsense=None)

21/09/24 13:22:41
INFO: logfile initiated: running SeQuantial

21/09/24 13:22:41
INFO: Namespace(logging_level=None, run_type=True, int_no_synthetic=10, boolean_weightings=False, type_weightings=None, path_weightings_csv=None, alt_base_inclusion=False, include_nonsense=None)

21/09/24 14:40:22
INFO: logfile initiated: running SeQuantial

21/09/24 14:40:22
INFO: Namespace(logging_level=None, run_type=True, int_no_synthetic=10, boolean_weightings=False, type_weightings=None, path_weightings_csv=None, alt_base_inclusion=False, include_nonsense=None)

21/09/24 15:08:41
INFO: logfile initiated: running SeQuantial

21/09/24 15:08:41
INFO: Namespace(logging_level=None, run_type=True, int_no_synthetic=10, boolean_weightings=False, type_weightings=None, path_weightings_csv=None, alt_base_inclusion=False, include_nonsense=None)

21/09/24 15:10:54
INFO: logfile initiated: running SeQuantial

21/09/24 15:10:54
INFO: Namespace(logging_level=None, run_type=True, int_no_synthetic=10, boolean_weightings=False, type_weightings=None, path_weightings_csv=None, alt_base_inclusion=False, include_nonsense=None)

21/09/24 15:11:06
INFO: logfile initiated: running SeQuantial

21/09/24 15:11:06
INFO: Namespace(logging_level=None, run_type=True, int_no_synthetic=10, boolean_weightings=False, type_weightings=None, path_weightings_csv=None, alt_base_inclusion=False, include_nonsense=None)

21/09/24 15:11:20
INFO: logfile initiated: running SeQuantial

21/09/24 15:11:20
INFO: Namespace(logging_level=None, run_type=True, int_no_synthetic=10, boolean_weightings=False, type_weightings=None, path_weightings_csv=None, alt_base_inclusion=False, include_nonsense=None)

21/09/24 15:11:27
INFO: logfile initiated: running SeQuantial

21/09/24 15:11:27
INFO: Namespace(logging_level=None, run_type=True, int_no_synthetic=10, boolean_weightings=False, type_weightings=None, path_weightings_csv=None, alt_base_inclusion=False, include_nonsense=None)

21/09/24 15:16:35
INFO: logfile initiated: running SeQuantial

21/09/24 15:16:35
INFO: Namespace(logging_level=None, run_type=True, int_no_synthetic=10, boolean_weightings=False, type_weightings=None, path_weightings_csv=None, alt_base_inclusion=False, include_nonsense=None)

21/09/24 15:16:50
INFO: logfile initiated: running SeQuantial

21/09/24 15:16:50
INFO: Namespace(logging_level=None, run_type=True, int_no_synthetic=10, boolean_weightings=False, type_weightings=None, path_weightings_csv=None, alt_base_inclusion=False, include_nonsense=None)

21/09/24 15:17:22
INFO: logfile initiated: running SeQuantial

21/09/24 15:17:22
INFO: Namespace(logging_level=None, run_type=True, int_no_synthetic=10, boolean_weightings=False, type_weightings=None, path_weightings_csv=None, alt_base_inclusion=False, include_nonsense=None)

21/09/24 15:18:12
INFO: logfile initiated: running SeQuantial

21/09/24 15:18:12
INFO: Namespace(logging_level=None, run_type=True, int_no_synthetic=10, boolean_weightings=False, type_weightings=None, path_weightings_csv=None, alt_base_inclusion=False, include_nonsense=None)

21/09/24 15:18:28
INFO: logfile initiated: running SeQuantial

21/09/24 15:18:28
INFO: Namespace(logging_level=None, run_type=True, int_no_synthetic=10, boolean_weightings=False, type_weightings=None, path_weightings_csv=None, alt_base_inclusion=False, include_nonsense=None)

21/09/24 15:18:35
INFO: logfile initiated: running SeQuantial

21/09/24 15:18:35
INFO: Namespace(logging_level=None, run_type=True, int_no_synthetic=10, boolean_weightings=False, type_weightings=None, path_weightings_csv=None, alt_base_inclusion=False, include_nonsense=None)

21/09/24 15:25:11
INFO: logfile initiated: running SeQuantial

21/09/24 15:25:11
INFO: Namespace(logging_level=None, run_type=True, int_no_synthetic=10, boolean_weightings=False, type_weightings=None, path_weightings_csv=None, alt_base_inclusion=False, include_nonsense=None)

21/09/24 15:58:51
INFO: logfile initiated: running SeQuantial

21/09/24 15:58:51
INFO: Namespace(logging_level=None, run_type=True, int_no_synthetic=10, boolean_weightings=False, type_weightings=None, path_weightings_csv=None, alt_base_inclusion=False, include_nonsense=None)

21/09/24 15:58:57
INFO: logfile initiated: running SeQuantial

21/09/24 15:58:57
INFO: Namespace(logging_level=None, run_type=True, int_no_synthetic=10, boolean_weightings=False, type_weightings=None, path_weightings_csv=None, alt_base_inclusion=False, include_nonsense=None)

21/09/24 15:59:28
INFO: logfile initiated: running SeQuantial

21/09/24 15:59:28
INFO: Namespace(logging_level=None, run_type=True, int_no_synthetic=10, boolean_weightings=False, type_weightings=None, path_weightings_csv=None, alt_base_inclusion=False, include_nonsense=None)

21/09/24 15:59:47
INFO: logfile initiated: running SeQuantial

21/09/24 15:59:47
INFO: Namespace(logging_level=None, run_type=True, int_no_synthetic=10, boolean_weightings=False, type_weightings=None, path_weightings_csv=None, alt_base_inclusion=False, include_nonsense=None)

21/09/24 16:00:53
INFO: logfile initiated: running SeQuantial

21/09/24 16:00:53
INFO: Namespace(logging_level=None, run_type=True, int_no_synthetic=10, boolean_weightings=False, type_weightings=None, path_weightings_csv=None, alt_base_inclusion=False, include_nonsense=None)

21/09/24 16:01:03
INFO: logfile initiated: running SeQuantial

21/09/24 16:01:03
INFO: Namespace(logging_level=None, run_type=True, int_no_synthetic=10, boolean_weightings=False, type_weightings=None, path_weightings_csv=None, alt_base_inclusion=False, include_nonsense=None)

21/09/24 16:01:22
INFO: logfile initiated: running SeQuantial

21/09/24 16:01:22
INFO: Namespace(logging_level=None, run_type=True, int_no_synthetic=10, boolean_weightings=False, type_weightings=None, path_weightings_csv=None, alt_base_inclusion=False, include_nonsense=None)

21/09/24 16:01:31
INFO: logfile initiated: running SeQuantial

21/09/24 16:01:31
INFO: Namespace(logging_level=None, run_type=True, int_no_synthetic=10, boolean_weightings=False, type_weightings=None, path_weightings_csv=None, alt_base_inclusion=False, include_nonsense=None)

21/09/24 16:01:35
INFO: logfile initiated: running SeQuantial

21/09/24 16:01:35
INFO: Namespace(logging_level=None, run_type=True, int_no_synthetic=10, boolean_weightings=False, type_weightings=None, path_weightings_csv=None, alt_base_inclusion=False, include_nonsense=None)

21/09/24 16:01:51
INFO: logfile initiated: running SeQuantial

21/09/24 16:01:51
INFO: Namespace(logging_level=None, run_type=True, int_no_synthetic=10, boolean_weightings=False, type_weightings=None, path_weightings_csv=None, alt_base_inclusion=False, include_nonsense=None)

21/09/24 16:01:55
INFO: logfile initiated: running SeQuantial

21/09/24 16:01:55
INFO: Namespace(logging_level=None, run_type=True, int_no_synthetic=10, boolean_weightings=False, type_weightings=None, path_weightings_csv=None, alt_base_inclusion=False, include_nonsense=None)

21/09/24 16:02:00
INFO: logfile initiated: running SeQuantial

21/09/24 16:02:00
INFO: Namespace(logging_level=None, run_type=True, int_no_synthetic=10, boolean_weightings=False, type_weightings=None, path_weightings_csv=None, alt_base_inclusion=False, include_nonsense=None)

21/09/24 16:03:01
INFO: logfile initiated: running SeQuantial

21/09/24 16:03:01
INFO: Namespace(logging_level=None, run_type=True, int_no_synthetic=10, boolean_weightings=False, type_weightings=None, path_weightings_csv=None, alt_base_inclusion=False, include_nonsense=None)

21/09/24 16:03:06
INFO: logfile initiated: running SeQuantial

21/09/24 16:03:06
INFO: Namespace(logging_level=None, run_type=True, int_no_synthetic=10, boolean_weightings=False, type_weightings=None, path_weightings_csv=None, alt_base_inclusion=False, include_nonsense=None)

21/09/24 16:03:49
INFO: logfile initiated: running SeQuantial

21/09/24 16:03:49
INFO: Namespace(logging_level=None, run_type=True, int_no_synthetic=10, boolean_weightings=False, type_weightings=None, path_weightings_csv=None, alt_base_inclusion=False, include_nonsense=None)

21/09/24 16:03:58
INFO: logfile initiated: running SeQuantial

21/09/24 16:03:58
INFO: Namespace(logging_level=None, run_type=True, int_no_synthetic=10, boolean_weightings=False, type_weightings=None, path_weightings_csv=None, alt_base_inclusion=False, include_nonsense=None)

21/09/24 16:04:13
INFO: logfile initiated: running SeQuantial

21/09/24 16:04:13
INFO: Namespace(logging_level=None, run_type=True, int_no_synthetic=10, boolean_weightings=False, type_weightings=None, path_weightings_csv=None, alt_base_inclusion=False, include_nonsense=None)

21/09/24 16:04:24
INFO: logfile initiated: running SeQuantial

21/09/24 16:04:24
INFO: Namespace(logging_level=None, run_type=True, int_no_synthetic=10, boolean_weightings=False, type_weightings=None, path_weightings_csv=None, alt_base_inclusion=False, include_nonsense=None)

21/09/24 16:04:34
INFO: logfile initiated: running SeQuantial

21/09/24 16:04:34
INFO: Namespace(logging_level=None, run_type=True, int_no_synthetic=10, boolean_weightings=False, type_weightings=None, path_weightings_csv=None, alt_base_inclusion=False, include_nonsense=None)

21/09/24 16:04:44
INFO: logfile initiated: running SeQuantial

21/09/24 16:04:44
INFO: Namespace(logging_level=None, run_type=True, int_no_synthetic=10, boolean_weightings=False, type_weightings=None, path_weightings_csv=None, alt_base_inclusion=False, include_nonsense=None)

21/09/24 16:05:05
INFO: logfile initiated: running SeQuantial

21/09/24 16:05:05
INFO: Namespace(logging_level=None, run_type=True, int_no_synthetic=10, boolean_weightings=False, type_weightings=None, path_weightings_csv=None, alt_base_inclusion=False, include_nonsense=None)

21/09/24 16:05:13
INFO: logfile initiated: running SeQuantial

21/09/24 16:05:13
INFO: Namespace(logging_level=None, run_type=True, int_no_synthetic=10, boolean_weightings=False, type_weightings=None, path_weightings_csv=None, alt_base_inclusion=False, include_nonsense=None)

21/09/24 16:05:27
INFO: logfile initiated: running SeQuantial

21/09/24 16:05:27
INFO: Namespace(logging_level=None, run_type=True, int_no_synthetic=10, boolean_weightings=False, type_weightings=None, path_weightings_csv=None, alt_base_inclusion=False, include_nonsense=None)

21/09/24 16:05:35
INFO: logfile initiated: running SeQuantial

21/09/24 16:05:35
INFO: Namespace(logging_level=None, run_type=True, int_no_synthetic=10, boolean_weightings=False, type_weightings=None, path_weightings_csv=None, alt_base_inclusion=False, include_nonsense=None)

21/09/24 16:05:57
INFO: logfile initiated: running SeQuantial

21/09/24 16:05:57
INFO: Namespace(logging_level=None, run_type=True, int_no_synthetic=10, boolean_weightings=False, type_weightings=None, path_weightings_csv=None, alt_base_inclusion=False, include_nonsense=None)

21/09/24 16:07:39
INFO: logfile initiated: running SeQuantial

21/09/24 16:07:39
INFO: Namespace(logging_level=None, run_type=True, int_no_synthetic=10, boolean_weightings=False, type_weightings=None, path_weightings_csv=None, alt_base_inclusion=False, include_nonsense=None)

21/09/24 16:08:07
INFO: logfile initiated: running SeQuantial

21/09/24 16:08:07
INFO: Namespace(logging_level=None, run_type=True, int_no_synthetic=10, boolean_weightings=False, type_weightings=None, path_weightings_csv=None, alt_base_inclusion=False, include_nonsense=None)

21/09/24 16:08:07
INFO: str_ref_dna='abx' int_ref_dna_length=3 int_number_synthetic=10 dict_segment_weightings=None dict_codon_conversion_weighting=None bool_dict_weightings=False bool_ambiguous=False bool_mixed=False bool_deletions=False bool_nonsense=True

21/09/24 16:09:01
INFO: logfile initiated: running SeQuantial

21/09/24 16:09:01
INFO: Namespace(logging_level=None, run_type=True, int_no_synthetic=10, boolean_weightings=False, type_weightings=None, path_weightings_csv=None, alt_base_inclusion=False, include_nonsense=None)

21/09/24 16:09:01
INFO: randomizer running input parameters:
str_ref_dna='abx' int_ref_dna_length=3 int_number_synthetic=10 dict_segment_weightings=None dict_codon_conversion_weighting=None bool_dict_weightings=False bool_ambiguous=False bool_mixed=False bool_deletions=False bool_nonsense=True

